<?xml version="1.0" encoding="UTF-8"?>
<testng-results total="1" passed="1" failed="0" skipped="0">
  <reporter-output>
  </reporter-output>
  <suite started-at="2021-03-08T11:12:19Z" name="Surefire suite" finished-at="2021-03-08T11:12:19Z" duration-ms="18">
    <groups>
    </groups>
    <test started-at="2021-03-08T11:12:19Z" name="Surefire test" finished-at="2021-03-08T11:12:19Z" duration-ms="18">
      <class name="gaclickacademy.AppTest">
        <test-method signature="testApp()[pri:0, instance:testApp(gaclickacademy.AppTest)]" started-at="2021-03-08T12:12:19Z" name="testApp" finished-at="2021-03-08T12:12:19Z" duration-ms="6" status="PASS">
          <reporter-output>
          </reporter-output>
        </test-method> <!-- testApp -->
      </class> <!-- gaclickacademy.AppTest -->
    </test> <!-- Surefire test -->
  </suite> <!-- Surefire suite -->
</testng-results>
